\BOOKMARK [0][-]{section*.1}{Rozdzia\233 1. Streszczenie}{}% 1
\BOOKMARK [0][-]{section*.2}{Rozdzia\233 2. Wstep}{}% 2
\BOOKMARK [1][-]{section.2.1}{2.1. \040Wprowadzenie}{section*.2}% 3
\BOOKMARK [1][-]{section.2.2}{2.2. \040Cel pracy}{section*.2}% 4
\BOOKMARK [1][-]{section.2.3}{2.3. \040Przeglad literatury}{section*.2}% 5
\BOOKMARK [0][-]{section*.3}{Rozdzia\233 3. Problem nawodnienia obszaru}{}% 6
\BOOKMARK [0][-]{section*.4}{Rozdzia\233 4. Optymalizacja}{}% 7
\BOOKMARK [1][-]{section.4.1}{4.1. \040Optymalizacja jednokryterialna}{section*.4}% 8
\BOOKMARK [1][-]{section.4.2}{4.2. \040Optymalizacja wielokryterialna}{section*.4}% 9
\BOOKMARK [0][-]{section*.5}{Rozdzia\233 5. Algorytmy genetyczne}{}% 10
\BOOKMARK [1][-]{section.5.1}{5.1. \040Opis og\363lny}{section*.5}% 11
\BOOKMARK [1][-]{section.5.2}{5.2. \040Algorytmy wielokryterialne}{section*.5}% 12
\BOOKMARK [2][-]{subsection.5.2.1}{5.2.1. \040NSGA-II}{section.5.2}% 13
\BOOKMARK [2][-]{subsection.5.2.2}{5.2.2. \040SPEA}{section.5.2}% 14
\BOOKMARK [0][-]{section*.6}{Rozdzia\233 6. Systemy wspomagania decyzji}{}% 15
\BOOKMARK [0][-]{section*.7}{Rozdzia\233 7. Rozwiazanie problemu}{}% 16
\BOOKMARK [1][-]{section.7.1}{7.1. \040System wspomagania decyzji}{section*.7}% 17
\BOOKMARK [2][-]{subsection.7.1.1}{7.1.1. \040Architektura}{section.7.1}% 18
\BOOKMARK [2][-]{subsection.7.1.2}{7.1.2. \040Interakcja z uzytkownikiem}{section.7.1}% 19
\BOOKMARK [1][-]{section.7.2}{7.2. \040Optymalizacja}{section*.7}% 20
\BOOKMARK [2][-]{subsection.7.2.1}{7.2.1. \040Model matematyczny}{section.7.2}% 21
\BOOKMARK [2][-]{subsection.7.2.2}{7.2.2. \040Rezultaty}{section.7.2}% 22
\BOOKMARK [2][-]{subsection.7.2.3}{7.2.3. \040Por\363wnanie algorytm\363w genetycznych}{section.7.2}% 23
\BOOKMARK [0][-]{section*.11}{Rozdzia\233 8. Podsumowanie}{}% 24
\BOOKMARK [0][-]{section*.12}{Dodatek A. Appendix 1}{}% 25
\BOOKMARK [0][-]{section*.14}{Bibliografia}{}% 26
