mktextfm plr12
mktextfm plr12
mktextfm plr12
mktextfm plr12
mktextfm plr12
mktextfm plr17
mktextfm plr12
mktextfm plr10
mktextfm plr7
mktextfm plmi12
mktextfm plmi10
mktextfm plmi7
mktextfm plsy10
mktextfm plsy10
mktextfm plsy7
mktextfm plex10
mktextfm plex10
mktextfm plex10
mktextfm plr17
mktextfm plbx12
mktextfm plr8
mktextfm plr6
mktextfm plmi12
mktextfm plmi8
mktextfm plmi6
mktextfm plsy10
mktextfm plsy8
mktextfm plsy6
mktextfm plex10
mktextfm plex10
mktextfm plex10
mktextfm plbx12
mktextfm plbx12
mktextfm plti12
mktextfm plbxti10
mktextfm plr17
mktextfm plbx12
mktextfm plr12
mktextfm plr17
mktextfm plr12
mktextfm plr10
mktextfm plr7
mktextfm plmi12
mktextfm plmi10
mktextfm plmi7
mktextfm plsy10
mktextfm plsy10
mktextfm plsy7
mktextfm plex10
mktextfm plex10
mktextfm plex10
mktextfm plr17
mktextfm plbx12
mktextfm plr8
mktextfm plr6
mktextfm plmi12
mktextfm plmi8
mktextfm plmi6
mktextfm plsy10
mktextfm plsy8
mktextfm plsy6
mktextfm plex10
mktextfm plex10
mktextfm plex10
mktextfm plbx12
mktextfm plbx12
mktextfm plti12
mktextfm plbxti10
mktextfm plr17
mktextfm plbx12
